WARNING:root:[WinError 5] Access is denied: 'D:/System Volume Information'
WARNING:root:[WinError 2] The system cannot find the file specified: 'D:/System Volume Information\\1040NREZ.pdf'
WARNING:root:[WinError 2] The system cannot find the file specified: 'D:/System Volume Information\\1042.pdf'
WARNING:root:[WinError 2] The system cannot find the file specified: 'D:/System Volume Information\\8843.pdf'
WARNING:root:[WinError 2] The system cannot find the file specified: 'D:/System Volume Information\\additional information.pdf'
WARNING:root:[WinError 2] The system cannot find the file specified: 'D:/System Volume Information\\instruction.pdf'
WARNING:root:[WinError 2] The system cannot find the file specified: 'D:/System Volume Information\\W2.pdf'
WARNING:root:[WinError 5] Access is denied: 'C:/Users/Junyi\\Templates'
WARNING:root:[WinError 2] The system cannot find the file specified: 'C:/Users/Junyi\\Templates\\desktop.ini'
WARNING:root:[WinError 5] Access is denied: 'C:/Users/Junyi\\Start Menu'
WARNING:root:[WinError 5] Access is denied: 'C:/Users/Junyi\\SendTo'
WARNING:root:[WinError 5] Access is denied: 'C:/Users/Junyi\\Recent'
WARNING:root:[WinError 2] The system cannot find the file specified: 'C:/Users/Junyi\\Recent\\ACBROTHERHOODSAVEGAME0.SAV'
WARNING:root:[WinError 2] The system cannot find the file specified: 'C:/Users/Junyi\\Recent\\OPTIONS'
WARNING:root:[WinError 5] Access is denied: 'C:/Users/Junyi\\PrintHood'
WARNING:root:[WinError 2] The system cannot find the file specified: 'C:/Users/Junyi\\PrintHood\\api.py'
WARNING:root:[WinError 5] Access is denied: 'C:/Users/Junyi\\NetHood'
WARNING:root:[WinError 2] The system cannot find the file specified: 'C:/Users/Junyi\\NetHood\\desktop.ini'
WARNING:root:[WinError 5] Access is denied: 'C:/Users/Junyi\\My Documents'
WARNING:root:[WinError 5] Access is denied: 'C:/Users/Junyi\\Local Settings'
WARNING:root:[WinError 2] The system cannot find the file specified: 'C:/Users/Junyi\\Local Settings\\VID_20150808_140744563.mp4'
WARNING:root:[WinError 2] The system cannot find the file specified: 'C:/Users/Junyi\\Local Settings\\VID_20150808_141744205.mp4'
WARNING:root:[WinError 2] The system cannot find the file specified: 'C:/Users/Junyi\\Local Settings\\VID_20150812_160503517.mp4'
WARNING:root:[WinError 2] The system cannot find the file specified: 'C:/Users/Junyi\\Local Settings\\VID_20150812_161003953.mp4'
WARNING:root:[WinError 2] The system cannot find the file specified: 'C:/Users/Junyi\\Local Settings\\VID_20150812_161808050.mp4'
WARNING:root:[WinError 2] The system cannot find the file specified: 'C:/Users/Junyi\\Local Settings\\VID_20150812_163651957.mp4'
WARNING:root:[WinError 2] The system cannot find the file specified: 'C:/Users/Junyi\\Local Settings\\VID_20150812_165104752.mp4'
WARNING:root:[WinError 2] The system cannot find the file specified: 'C:/Users/Junyi\\Local Settings\\VID_20150825_105153643.mp4'
WARNING:root:[WinError 2] The system cannot find the file specified: 'C:/Users/Junyi\\Local Settings\\VID_20151009_193612977.mp4'
WARNING:root:[WinError 5] Access is denied: 'C:/Users/Junyi\\Documents\\My Videos'
WARNING:root:[WinError 5] Access is denied: 'C:/Users/Junyi\\Documents\\My Pictures'
WARNING:root:[WinError 5] Access is denied: 'C:/Users/Junyi\\Documents\\My Music'
WARNING:root:[WinError 5] Access is denied: 'C:/Users/Junyi\\Cookies'
WARNING:root:[WinError 2] The system cannot find the file specified: 'C:/Users/Junyi\\Cookies\\abstract.h'
WARNING:root:[WinError 2] The system cannot find the file specified: 'C:/Users/Junyi\\Cookies\\asdl.h'
WARNING:root:[WinError 2] The system cannot find the file specified: 'C:/Users/Junyi\\Cookies\\ast.h'
WARNING:root:[WinError 2] The system cannot find the file specified: 'C:/Users/Junyi\\Cookies\\bitset.h'
WARNING:root:[WinError 2] The system cannot find the file specified: 'C:/Users/Junyi\\Cookies\\boolobject.h'
WARNING:root:[WinError 2] The system cannot find the file specified: 'C:/Users/Junyi\\Cookies\\bufferobject.h'
WARNING:root:[WinError 2] The system cannot find the file specified: 'C:/Users/Junyi\\Cookies\\bytearrayobject.h'
WARNING:root:[WinError 2] The system cannot find the file specified: 'C:/Users/Junyi\\Cookies\\bytesobject.h'
WARNING:root:[WinError 2] The system cannot find the file specified: 'C:/Users/Junyi\\Cookies\\bytes_methods.h'
WARNING:root:[WinError 2] The system cannot find the file specified: 'C:/Users/Junyi\\Cookies\\cellobject.h'
WARNING:root:[WinError 2] The system cannot find the file specified: 'C:/Users/Junyi\\Cookies\\ceval.h'
WARNING:root:[WinError 2] The system cannot find the file specified: 'C:/Users/Junyi\\Cookies\\classobject.h'
WARNING:root:[WinError 2] The system cannot find the file specified: 'C:/Users/Junyi\\Cookies\\cobject.h'
WARNING:root:[WinError 2] The system cannot find the file specified: 'C:/Users/Junyi\\Cookies\\code.h'
WARNING:root:[WinError 2] The system cannot find the file specified: 'C:/Users/Junyi\\Cookies\\codecs.h'
WARNING:root:[WinError 2] The system cannot find the file specified: 'C:/Users/Junyi\\Cookies\\compile.h'
WARNING:root:[WinError 2] The system cannot find the file specified: 'C:/Users/Junyi\\Cookies\\complexobject.h'
WARNING:root:[WinError 2] The system cannot find the file specified: 'C:/Users/Junyi\\Cookies\\cStringIO.h'
WARNING:root:[WinError 2] The system cannot find the file specified: 'C:/Users/Junyi\\Cookies\\datetime.h'
WARNING:root:[WinError 2] The system cannot find the file specified: 'C:/Users/Junyi\\Cookies\\descrobject.h'
WARNING:root:[WinError 2] The system cannot find the file specified: 'C:/Users/Junyi\\Cookies\\dictobject.h'
WARNING:root:[WinError 2] The system cannot find the file specified: 'C:/Users/Junyi\\Cookies\\dtoa.h'
WARNING:root:[WinError 2] The system cannot find the file specified: 'C:/Users/Junyi\\Cookies\\enumobject.h'
WARNING:root:[WinError 2] The system cannot find the file specified: 'C:/Users/Junyi\\Cookies\\errcode.h'
WARNING:root:[WinError 2] The system cannot find the file specified: 'C:/Users/Junyi\\Cookies\\eval.h'
WARNING:root:[WinError 2] The system cannot find the file specified: 'C:/Users/Junyi\\Cookies\\fileobject.h'
WARNING:root:[WinError 2] The system cannot find the file specified: 'C:/Users/Junyi\\Cookies\\floatobject.h'
WARNING:root:[WinError 2] The system cannot find the file specified: 'C:/Users/Junyi\\Cookies\\frameobject.h'
WARNING:root:[WinError 2] The system cannot find the file specified: 'C:/Users/Junyi\\Cookies\\funcobject.h'
WARNING:root:[WinError 2] The system cannot find the file specified: 'C:/Users/Junyi\\Cookies\\genobject.h'
WARNING:root:[WinError 2] The system cannot find the file specified: 'C:/Users/Junyi\\Cookies\\graminit.h'
WARNING:root:[WinError 2] The system cannot find the file specified: 'C:/Users/Junyi\\Cookies\\grammar.h'
WARNING:root:[WinError 2] The system cannot find the file specified: 'C:/Users/Junyi\\Cookies\\import.h'
WARNING:root:[WinError 2] The system cannot find the file specified: 'C:/Users/Junyi\\Cookies\\intobject.h'
WARNING:root:[WinError 2] The system cannot find the file specified: 'C:/Users/Junyi\\Cookies\\intrcheck.h'
WARNING:root:[WinError 2] The system cannot find the file specified: 'C:/Users/Junyi\\Cookies\\iterobject.h'
WARNING:root:[WinError 2] The system cannot find the file specified: 'C:/Users/Junyi\\Cookies\\listobject.h'
WARNING:root:[WinError 2] The system cannot find the file specified: 'C:/Users/Junyi\\Cookies\\longintrepr.h'
WARNING:root:[WinError 2] The system cannot find the file specified: 'C:/Users/Junyi\\Cookies\\longobject.h'
WARNING:root:[WinError 2] The system cannot find the file specified: 'C:/Users/Junyi\\Cookies\\marshal.h'
WARNING:root:[WinError 2] The system cannot find the file specified: 'C:/Users/Junyi\\Cookies\\memoryobject.h'
WARNING:root:[WinError 2] The system cannot find the file specified: 'C:/Users/Junyi\\Cookies\\metagrammar.h'
WARNING:root:[WinError 2] The system cannot find the file specified: 'C:/Users/Junyi\\Cookies\\methodobject.h'
WARNING:root:[WinError 2] The system cannot find the file specified: 'C:/Users/Junyi\\Cookies\\modsupport.h'
WARNING:root:[WinError 2] The system cannot find the file specified: 'C:/Users/Junyi\\Cookies\\moduleobject.h'
WARNING:root:[WinError 2] The system cannot find the file specified: 'C:/Users/Junyi\\Cookies\\node.h'
WARNING:root:[WinError 2] The system cannot find the file specified: 'C:/Users/Junyi\\Cookies\\object.h'
WARNING:root:[WinError 2] The system cannot find the file specified: 'C:/Users/Junyi\\Cookies\\objimpl.h'
WARNING:root:[WinError 2] The system cannot find the file specified: 'C:/Users/Junyi\\Cookies\\opcode.h'
WARNING:root:[WinError 2] The system cannot find the file specified: 'C:/Users/Junyi\\Cookies\\osdefs.h'
WARNING:root:[WinError 2] The system cannot find the file specified: 'C:/Users/Junyi\\Cookies\\parsetok.h'
WARNING:root:[WinError 2] The system cannot find the file specified: 'C:/Users/Junyi\\Cookies\\patchlevel.h'
WARNING:root:[WinError 2] The system cannot find the file specified: 'C:/Users/Junyi\\Cookies\\pgen.h'
WARNING:root:[WinError 2] The system cannot find the file specified: 'C:/Users/Junyi\\Cookies\\pgenheaders.h'
WARNING:root:[WinError 2] The system cannot find the file specified: 'C:/Users/Junyi\\Cookies\\pyarena.h'
WARNING:root:[WinError 2] The system cannot find the file specified: 'C:/Users/Junyi\\Cookies\\pycapsule.h'
WARNING:root:[WinError 2] The system cannot find the file specified: 'C:/Users/Junyi\\Cookies\\pyconfig.h'
WARNING:root:[WinError 2] The system cannot find the file specified: 'C:/Users/Junyi\\Cookies\\pyctype.h'
WARNING:root:[WinError 2] The system cannot find the file specified: 'C:/Users/Junyi\\Cookies\\pydebug.h'
WARNING:root:[WinError 2] The system cannot find the file specified: 'C:/Users/Junyi\\Cookies\\pyerrors.h'
WARNING:root:[WinError 2] The system cannot find the file specified: 'C:/Users/Junyi\\Cookies\\pyexpat.h'
WARNING:root:[WinError 2] The system cannot find the file specified: 'C:/Users/Junyi\\Cookies\\pyfpe.h'
WARNING:root:[WinError 2] The system cannot find the file specified: 'C:/Users/Junyi\\Cookies\\pygetopt.h'
WARNING:root:[WinError 2] The system cannot find the file specified: 'C:/Users/Junyi\\Cookies\\pymacconfig.h'
WARNING:root:[WinError 2] The system cannot find the file specified: 'C:/Users/Junyi\\Cookies\\pymactoolbox.h'
WARNING:root:[WinError 2] The system cannot find the file specified: 'C:/Users/Junyi\\Cookies\\pymath.h'
WARNING:root:[WinError 2] The system cannot find the file specified: 'C:/Users/Junyi\\Cookies\\pymem.h'
WARNING:root:[WinError 2] The system cannot find the file specified: 'C:/Users/Junyi\\Cookies\\pyport.h'
WARNING:root:[WinError 2] The system cannot find the file specified: 'C:/Users/Junyi\\Cookies\\pystate.h'
WARNING:root:[WinError 2] The system cannot find the file specified: 'C:/Users/Junyi\\Cookies\\pystrcmp.h'
WARNING:root:[WinError 2] The system cannot find the file specified: 'C:/Users/Junyi\\Cookies\\pystrtod.h'
WARNING:root:[WinError 2] The system cannot find the file specified: 'C:/Users/Junyi\\Cookies\\Python-ast.h'
WARNING:root:[WinError 2] The system cannot find the file specified: 'C:/Users/Junyi\\Cookies\\Python.h'
WARNING:root:[WinError 2] The system cannot find the file specified: 'C:/Users/Junyi\\Cookies\\pythonrun.h'
WARNING:root:[WinError 2] The system cannot find the file specified: 'C:/Users/Junyi\\Cookies\\pythread.h'
WARNING:root:[WinError 2] The system cannot find the file specified: 'C:/Users/Junyi\\Cookies\\py_curses.h'
WARNING:root:[WinError 2] The system cannot find the file specified: 'C:/Users/Junyi\\Cookies\\rangeobject.h'
WARNING:root:[WinError 2] The system cannot find the file specified: 'C:/Users/Junyi\\Cookies\\setobject.h'
WARNING:root:[WinError 2] The system cannot find the file specified: 'C:/Users/Junyi\\Cookies\\sliceobject.h'
WARNING:root:[WinError 2] The system cannot find the file specified: 'C:/Users/Junyi\\Cookies\\stringobject.h'
WARNING:root:[WinError 2] The system cannot find the file specified: 'C:/Users/Junyi\\Cookies\\structmember.h'
WARNING:root:[WinError 2] The system cannot find the file specified: 'C:/Users/Junyi\\Cookies\\structseq.h'
WARNING:root:[WinError 2] The system cannot find the file specified: 'C:/Users/Junyi\\Cookies\\symtable.h'
WARNING:root:[WinError 2] The system cannot find the file specified: 'C:/Users/Junyi\\Cookies\\sysmodule.h'
WARNING:root:[WinError 2] The system cannot find the file specified: 'C:/Users/Junyi\\Cookies\\timefuncs.h'
WARNING:root:[WinError 2] The system cannot find the file specified: 'C:/Users/Junyi\\Cookies\\token.h'
WARNING:root:[WinError 2] The system cannot find the file specified: 'C:/Users/Junyi\\Cookies\\traceback.h'
WARNING:root:[WinError 2] The system cannot find the file specified: 'C:/Users/Junyi\\Cookies\\tupleobject.h'
WARNING:root:[WinError 2] The system cannot find the file specified: 'C:/Users/Junyi\\Cookies\\ucnhash.h'
WARNING:root:[WinError 2] The system cannot find the file specified: 'C:/Users/Junyi\\Cookies\\unicodeobject.h'
WARNING:root:[WinError 2] The system cannot find the file specified: 'C:/Users/Junyi\\Cookies\\warnings.h'
WARNING:root:[WinError 2] The system cannot find the file specified: 'C:/Users/Junyi\\Cookies\\weakrefobject.h'
WARNING:root:[WinError 5] Access is denied: 'C:/Users/Junyi\\Application Data'
WARNING:root:[WinError 2] The system cannot find the file specified: 'C:/Users/Junyi\\Application Data\\allroutes.xml'
WARNING:root:[WinError 2] The system cannot find the file specified: 'C:/Users/Junyi\\Application Data\\exercise.ht'
WARNING:root:[WinError 2] The system cannot find the file specified: 'C:/Users/Junyi\\Application Data\\exercisetemplate.html'
WARNING:root:[WinError 5] Access is denied: 'C:/Users/Junyi\\AppData\\Local\\Temporary Internet Files'
WARNING:root:[WinError 2] The system cannot find the file specified: 'C:/Users/Junyi\\AppData\\Local\\Temporary Internet Files\\EDB.chk'
WARNING:root:[WinError 2] The system cannot find the file specified: 'C:/Users/Junyi\\AppData\\Local\\Temporary Internet Files\\EDB.log'
WARNING:root:[WinError 2] The system cannot find the file specified: 'C:/Users/Junyi\\AppData\\Local\\Temporary Internet Files\\EDB00029.log'
WARNING:root:[WinError 2] The system cannot find the file specified: 'C:/Users/Junyi\\AppData\\Local\\Temporary Internet Files\\EDBres00001.jrs'
WARNING:root:[WinError 2] The system cannot find the file specified: 'C:/Users/Junyi\\AppData\\Local\\Temporary Internet Files\\EDBres00002.jrs'
WARNING:root:[WinError 2] The system cannot find the file specified: 'C:/Users/Junyi\\AppData\\Local\\Temporary Internet Files\\EDBtmp.log'
WARNING:root:[WinError 2] The system cannot find the file specified: 'C:/Users/Junyi\\AppData\\Local\\Temporary Internet Files\\vedatamodel.edb'
WARNING:root:[WinError 5] Access is denied: 'C:/Users/Junyi\\AppData\\Local\\Temp\\msdtadmin'
WARNING:root:[WinError 5] Access is denied: 'C:/Users/Junyi\\AppData\\Local\\Microsoft\\Windows\\UPPS\\UPPS.bin'
WARNING:root:[WinError 5] Access is denied: 'C:/Users/Junyi\\AppData\\Local\\Microsoft\\Windows\\Temporary Internet Files'
WARNING:root:[WinError 2] The system cannot find the file specified: 'C:/Users/Junyi\\AppData\\Local\\Microsoft\\Windows\\Temporary Internet Files\\UPPS.bin'
WARNING:root:[WinError 5] Access is denied: 'C:/Users/Junyi\\AppData\\Local\\Microsoft\\Windows\\INetCache\\Low\\Content.IE5'
WARNING:root:[WinError 2] The system cannot find the file specified: 'C:/Users/Junyi\\AppData\\Local\\Microsoft\\Windows\\INetCache\\Low\\Content.IE5\\container.dat'
WARNING:root:[WinError 5] Access is denied: 'C:/Users/Junyi\\AppData\\Local\\Microsoft\\Windows\\INetCache\\Content.IE5'
WARNING:root:[WinError 5] Access is denied: 'C:/Users/Junyi\\AppData\\Local\\History'
WARNING:root:[WinError 2] The system cannot find the file specified: 'C:/Users/Junyi\\AppData\\Local\\History\\ietabhelper.exe'
WARNING:root:[WinError 5] Access is denied: 'C:/Users/Junyi\\AppData\\Local\\ElevatedDiagnostics'
WARNING:root:[WinError 2] The system cannot find the file specified: 'C:/Users/Junyi\\AppData\\Local\\ElevatedDiagnostics\\Calibri-14-400-0.ytf'
WARNING:root:[WinError 2] The system cannot find the file specified: 'C:/Users/Junyi\\AppData\\Local\\ElevatedDiagnostics\\Calibri-36-700-0.ytf'
WARNING:root:[WinError 2] The system cannot find the file specified: 'C:/Users/Junyi\\AppData\\Local\\ElevatedDiagnostics\\flux.psd'
WARNING:root:[WinError 2] The system cannot find the file specified: 'C:/Users/Junyi\\AppData\\Local\\ElevatedDiagnostics\\flux.tre'
WARNING:root:[WinError 5] Access is denied: 'C:/Users/Junyi\\AppData\\Local\\Application Data'
WARNING:root:[WinError 5] Access is denied: 'D:/System Volume Information'
WARNING:root:[WinError 2] The system cannot find the file specified: 'D:/System Volume Information\\1040NREZ.pdf'
WARNING:root:[WinError 2] The system cannot find the file specified: 'D:/System Volume Information\\1042.pdf'
WARNING:root:[WinError 2] The system cannot find the file specified: 'D:/System Volume Information\\8843.pdf'
WARNING:root:[WinError 2] The system cannot find the file specified: 'D:/System Volume Information\\additional information.pdf'
WARNING:root:[WinError 2] The system cannot find the file specified: 'D:/System Volume Information\\instruction.pdf'
WARNING:root:[WinError 2] The system cannot find the file specified: 'D:/System Volume Information\\W2.pdf'
WARNING:root:[WinError 5] Access is denied: 'C:/Users/Junyi\\Templates'
WARNING:root:[WinError 2] The system cannot find the file specified: 'C:/Users/Junyi\\Templates\\desktop.ini'
WARNING:root:[WinError 5] Access is denied: 'C:/Users/Junyi\\Start Menu'
WARNING:root:[WinError 5] Access is denied: 'C:/Users/Junyi\\SendTo'
WARNING:root:[WinError 5] Access is denied: 'C:/Users/Junyi\\Recent'
WARNING:root:[WinError 2] The system cannot find the file specified: 'C:/Users/Junyi\\Recent\\ACBROTHERHOODSAVEGAME0.SAV'
WARNING:root:[WinError 2] The system cannot find the file specified: 'C:/Users/Junyi\\Recent\\OPTIONS'
WARNING:root:[WinError 5] Access is denied: 'C:/Users/Junyi\\PrintHood'
WARNING:root:[WinError 2] The system cannot find the file specified: 'C:/Users/Junyi\\PrintHood\\api.py'
WARNING:root:[WinError 5] Access is denied: 'C:/Users/Junyi\\NetHood'
WARNING:root:[WinError 2] The system cannot find the file specified: 'C:/Users/Junyi\\NetHood\\desktop.ini'
WARNING:root:[WinError 5] Access is denied: 'C:/Users/Junyi\\My Documents'
WARNING:root:[WinError 5] Access is denied: 'C:/Users/Junyi\\Local Settings'
WARNING:root:[WinError 2] The system cannot find the file specified: 'C:/Users/Junyi\\Local Settings\\VID_20150808_140744563.mp4'
WARNING:root:[WinError 2] The system cannot find the file specified: 'C:/Users/Junyi\\Local Settings\\VID_20150808_141744205.mp4'
WARNING:root:[WinError 2] The system cannot find the file specified: 'C:/Users/Junyi\\Local Settings\\VID_20150812_160503517.mp4'
WARNING:root:[WinError 2] The system cannot find the file specified: 'C:/Users/Junyi\\Local Settings\\VID_20150812_161003953.mp4'
WARNING:root:[WinError 2] The system cannot find the file specified: 'C:/Users/Junyi\\Local Settings\\VID_20150812_161808050.mp4'
WARNING:root:[WinError 2] The system cannot find the file specified: 'C:/Users/Junyi\\Local Settings\\VID_20150812_163651957.mp4'
WARNING:root:[WinError 2] The system cannot find the file specified: 'C:/Users/Junyi\\Local Settings\\VID_20150812_165104752.mp4'
WARNING:root:[WinError 2] The system cannot find the file specified: 'C:/Users/Junyi\\Local Settings\\VID_20150825_105153643.mp4'
WARNING:root:[WinError 2] The system cannot find the file specified: 'C:/Users/Junyi\\Local Settings\\VID_20151009_193612977.mp4'
WARNING:root:[WinError 5] Access is denied: 'C:/Users/Junyi\\Documents\\My Videos'
WARNING:root:[WinError 5] Access is denied: 'C:/Users/Junyi\\Documents\\My Pictures'
WARNING:root:[WinError 5] Access is denied: 'C:/Users/Junyi\\Documents\\My Music'
WARNING:root:[WinError 5] Access is denied: 'C:/Users/Junyi\\Cookies'
WARNING:root:[WinError 2] The system cannot find the file specified: 'C:/Users/Junyi\\Cookies\\abstract.h'
WARNING:root:[WinError 2] The system cannot find the file specified: 'C:/Users/Junyi\\Cookies\\asdl.h'
WARNING:root:[WinError 2] The system cannot find the file specified: 'C:/Users/Junyi\\Cookies\\ast.h'
WARNING:root:[WinError 2] The system cannot find the file specified: 'C:/Users/Junyi\\Cookies\\bitset.h'
WARNING:root:[WinError 2] The system cannot find the file specified: 'C:/Users/Junyi\\Cookies\\boolobject.h'
WARNING:root:[WinError 2] The system cannot find the file specified: 'C:/Users/Junyi\\Cookies\\bufferobject.h'
WARNING:root:[WinError 2] The system cannot find the file specified: 'C:/Users/Junyi\\Cookies\\bytearrayobject.h'
WARNING:root:[WinError 2] The system cannot find the file specified: 'C:/Users/Junyi\\Cookies\\bytesobject.h'
WARNING:root:[WinError 2] The system cannot find the file specified: 'C:/Users/Junyi\\Cookies\\bytes_methods.h'
WARNING:root:[WinError 2] The system cannot find the file specified: 'C:/Users/Junyi\\Cookies\\cellobject.h'
WARNING:root:[WinError 2] The system cannot find the file specified: 'C:/Users/Junyi\\Cookies\\ceval.h'
WARNING:root:[WinError 2] The system cannot find the file specified: 'C:/Users/Junyi\\Cookies\\classobject.h'
WARNING:root:[WinError 2] The system cannot find the file specified: 'C:/Users/Junyi\\Cookies\\cobject.h'
WARNING:root:[WinError 2] The system cannot find the file specified: 'C:/Users/Junyi\\Cookies\\code.h'
WARNING:root:[WinError 2] The system cannot find the file specified: 'C:/Users/Junyi\\Cookies\\codecs.h'
WARNING:root:[WinError 2] The system cannot find the file specified: 'C:/Users/Junyi\\Cookies\\compile.h'
WARNING:root:[WinError 2] The system cannot find the file specified: 'C:/Users/Junyi\\Cookies\\complexobject.h'
WARNING:root:[WinError 2] The system cannot find the file specified: 'C:/Users/Junyi\\Cookies\\cStringIO.h'
WARNING:root:[WinError 2] The system cannot find the file specified: 'C:/Users/Junyi\\Cookies\\datetime.h'
WARNING:root:[WinError 2] The system cannot find the file specified: 'C:/Users/Junyi\\Cookies\\descrobject.h'
WARNING:root:[WinError 2] The system cannot find the file specified: 'C:/Users/Junyi\\Cookies\\dictobject.h'
WARNING:root:[WinError 2] The system cannot find the file specified: 'C:/Users/Junyi\\Cookies\\dtoa.h'
WARNING:root:[WinError 2] The system cannot find the file specified: 'C:/Users/Junyi\\Cookies\\enumobject.h'
WARNING:root:[WinError 2] The system cannot find the file specified: 'C:/Users/Junyi\\Cookies\\errcode.h'
WARNING:root:[WinError 2] The system cannot find the file specified: 'C:/Users/Junyi\\Cookies\\eval.h'
WARNING:root:[WinError 2] The system cannot find the file specified: 'C:/Users/Junyi\\Cookies\\fileobject.h'
WARNING:root:[WinError 2] The system cannot find the file specified: 'C:/Users/Junyi\\Cookies\\floatobject.h'
WARNING:root:[WinError 2] The system cannot find the file specified: 'C:/Users/Junyi\\Cookies\\frameobject.h'
WARNING:root:[WinError 2] The system cannot find the file specified: 'C:/Users/Junyi\\Cookies\\funcobject.h'
WARNING:root:[WinError 2] The system cannot find the file specified: 'C:/Users/Junyi\\Cookies\\genobject.h'
WARNING:root:[WinError 2] The system cannot find the file specified: 'C:/Users/Junyi\\Cookies\\graminit.h'
WARNING:root:[WinError 2] The system cannot find the file specified: 'C:/Users/Junyi\\Cookies\\grammar.h'
WARNING:root:[WinError 2] The system cannot find the file specified: 'C:/Users/Junyi\\Cookies\\import.h'
WARNING:root:[WinError 2] The system cannot find the file specified: 'C:/Users/Junyi\\Cookies\\intobject.h'
WARNING:root:[WinError 2] The system cannot find the file specified: 'C:/Users/Junyi\\Cookies\\intrcheck.h'
WARNING:root:[WinError 2] The system cannot find the file specified: 'C:/Users/Junyi\\Cookies\\iterobject.h'
WARNING:root:[WinError 2] The system cannot find the file specified: 'C:/Users/Junyi\\Cookies\\listobject.h'
WARNING:root:[WinError 2] The system cannot find the file specified: 'C:/Users/Junyi\\Cookies\\longintrepr.h'
WARNING:root:[WinError 2] The system cannot find the file specified: 'C:/Users/Junyi\\Cookies\\longobject.h'
WARNING:root:[WinError 2] The system cannot find the file specified: 'C:/Users/Junyi\\Cookies\\marshal.h'
WARNING:root:[WinError 2] The system cannot find the file specified: 'C:/Users/Junyi\\Cookies\\memoryobject.h'
WARNING:root:[WinError 2] The system cannot find the file specified: 'C:/Users/Junyi\\Cookies\\metagrammar.h'
WARNING:root:[WinError 2] The system cannot find the file specified: 'C:/Users/Junyi\\Cookies\\methodobject.h'
WARNING:root:[WinError 2] The system cannot find the file specified: 'C:/Users/Junyi\\Cookies\\modsupport.h'
WARNING:root:[WinError 2] The system cannot find the file specified: 'C:/Users/Junyi\\Cookies\\moduleobject.h'
WARNING:root:[WinError 2] The system cannot find the file specified: 'C:/Users/Junyi\\Cookies\\node.h'
WARNING:root:[WinError 2] The system cannot find the file specified: 'C:/Users/Junyi\\Cookies\\object.h'
WARNING:root:[WinError 2] The system cannot find the file specified: 'C:/Users/Junyi\\Cookies\\objimpl.h'
WARNING:root:[WinError 2] The system cannot find the file specified: 'C:/Users/Junyi\\Cookies\\opcode.h'
WARNING:root:[WinError 2] The system cannot find the file specified: 'C:/Users/Junyi\\Cookies\\osdefs.h'
WARNING:root:[WinError 2] The system cannot find the file specified: 'C:/Users/Junyi\\Cookies\\parsetok.h'
WARNING:root:[WinError 2] The system cannot find the file specified: 'C:/Users/Junyi\\Cookies\\patchlevel.h'
WARNING:root:[WinError 2] The system cannot find the file specified: 'C:/Users/Junyi\\Cookies\\pgen.h'
WARNING:root:[WinError 2] The system cannot find the file specified: 'C:/Users/Junyi\\Cookies\\pgenheaders.h'
WARNING:root:[WinError 2] The system cannot find the file specified: 'C:/Users/Junyi\\Cookies\\pyarena.h'
WARNING:root:[WinError 2] The system cannot find the file specified: 'C:/Users/Junyi\\Cookies\\pycapsule.h'
WARNING:root:[WinError 2] The system cannot find the file specified: 'C:/Users/Junyi\\Cookies\\pyconfig.h'
WARNING:root:[WinError 2] The system cannot find the file specified: 'C:/Users/Junyi\\Cookies\\pyctype.h'
WARNING:root:[WinError 2] The system cannot find the file specified: 'C:/Users/Junyi\\Cookies\\pydebug.h'
WARNING:root:[WinError 2] The system cannot find the file specified: 'C:/Users/Junyi\\Cookies\\pyerrors.h'
WARNING:root:[WinError 2] The system cannot find the file specified: 'C:/Users/Junyi\\Cookies\\pyexpat.h'
WARNING:root:[WinError 2] The system cannot find the file specified: 'C:/Users/Junyi\\Cookies\\pyfpe.h'
WARNING:root:[WinError 2] The system cannot find the file specified: 'C:/Users/Junyi\\Cookies\\pygetopt.h'
WARNING:root:[WinError 2] The system cannot find the file specified: 'C:/Users/Junyi\\Cookies\\pymacconfig.h'
WARNING:root:[WinError 2] The system cannot find the file specified: 'C:/Users/Junyi\\Cookies\\pymactoolbox.h'
WARNING:root:[WinError 2] The system cannot find the file specified: 'C:/Users/Junyi\\Cookies\\pymath.h'
WARNING:root:[WinError 2] The system cannot find the file specified: 'C:/Users/Junyi\\Cookies\\pymem.h'
WARNING:root:[WinError 2] The system cannot find the file specified: 'C:/Users/Junyi\\Cookies\\pyport.h'
WARNING:root:[WinError 2] The system cannot find the file specified: 'C:/Users/Junyi\\Cookies\\pystate.h'
WARNING:root:[WinError 2] The system cannot find the file specified: 'C:/Users/Junyi\\Cookies\\pystrcmp.h'
WARNING:root:[WinError 2] The system cannot find the file specified: 'C:/Users/Junyi\\Cookies\\pystrtod.h'
WARNING:root:[WinError 2] The system cannot find the file specified: 'C:/Users/Junyi\\Cookies\\Python-ast.h'
WARNING:root:[WinError 2] The system cannot find the file specified: 'C:/Users/Junyi\\Cookies\\Python.h'
WARNING:root:[WinError 2] The system cannot find the file specified: 'C:/Users/Junyi\\Cookies\\pythonrun.h'
WARNING:root:[WinError 2] The system cannot find the file specified: 'C:/Users/Junyi\\Cookies\\pythread.h'
WARNING:root:[WinError 2] The system cannot find the file specified: 'C:/Users/Junyi\\Cookies\\py_curses.h'
WARNING:root:[WinError 2] The system cannot find the file specified: 'C:/Users/Junyi\\Cookies\\rangeobject.h'
WARNING:root:[WinError 2] The system cannot find the file specified: 'C:/Users/Junyi\\Cookies\\setobject.h'
WARNING:root:[WinError 2] The system cannot find the file specified: 'C:/Users/Junyi\\Cookies\\sliceobject.h'
WARNING:root:[WinError 2] The system cannot find the file specified: 'C:/Users/Junyi\\Cookies\\stringobject.h'
WARNING:root:[WinError 2] The system cannot find the file specified: 'C:/Users/Junyi\\Cookies\\structmember.h'
WARNING:root:[WinError 2] The system cannot find the file specified: 'C:/Users/Junyi\\Cookies\\structseq.h'
WARNING:root:[WinError 2] The system cannot find the file specified: 'C:/Users/Junyi\\Cookies\\symtable.h'
WARNING:root:[WinError 2] The system cannot find the file specified: 'C:/Users/Junyi\\Cookies\\sysmodule.h'
WARNING:root:[WinError 2] The system cannot find the file specified: 'C:/Users/Junyi\\Cookies\\timefuncs.h'
WARNING:root:[WinError 2] The system cannot find the file specified: 'C:/Users/Junyi\\Cookies\\token.h'
WARNING:root:[WinError 2] The system cannot find the file specified: 'C:/Users/Junyi\\Cookies\\traceback.h'
WARNING:root:[WinError 2] The system cannot find the file specified: 'C:/Users/Junyi\\Cookies\\tupleobject.h'
WARNING:root:[WinError 2] The system cannot find the file specified: 'C:/Users/Junyi\\Cookies\\ucnhash.h'
WARNING:root:[WinError 2] The system cannot find the file specified: 'C:/Users/Junyi\\Cookies\\unicodeobject.h'
WARNING:root:[WinError 2] The system cannot find the file specified: 'C:/Users/Junyi\\Cookies\\warnings.h'
WARNING:root:[WinError 2] The system cannot find the file specified: 'C:/Users/Junyi\\Cookies\\weakrefobject.h'
WARNING:root:[WinError 5] Access is denied: 'C:/Users/Junyi\\Application Data'
WARNING:root:[WinError 2] The system cannot find the file specified: 'C:/Users/Junyi\\Application Data\\allroutes.xml'
WARNING:root:[WinError 2] The system cannot find the file specified: 'C:/Users/Junyi\\Application Data\\exercise.ht'
WARNING:root:[WinError 2] The system cannot find the file specified: 'C:/Users/Junyi\\Application Data\\exercisetemplate.html'
WARNING:root:[WinError 5] Access is denied: 'C:/Users/Junyi\\AppData\\Local\\Temporary Internet Files'
WARNING:root:[WinError 2] The system cannot find the file specified: 'C:/Users/Junyi\\AppData\\Local\\Temporary Internet Files\\EDB.chk'
WARNING:root:[WinError 2] The system cannot find the file specified: 'C:/Users/Junyi\\AppData\\Local\\Temporary Internet Files\\EDB.log'
WARNING:root:[WinError 2] The system cannot find the file specified: 'C:/Users/Junyi\\AppData\\Local\\Temporary Internet Files\\EDB00029.log'
WARNING:root:[WinError 2] The system cannot find the file specified: 'C:/Users/Junyi\\AppData\\Local\\Temporary Internet Files\\EDBres00001.jrs'
WARNING:root:[WinError 2] The system cannot find the file specified: 'C:/Users/Junyi\\AppData\\Local\\Temporary Internet Files\\EDBres00002.jrs'
WARNING:root:[WinError 2] The system cannot find the file specified: 'C:/Users/Junyi\\AppData\\Local\\Temporary Internet Files\\EDBtmp.log'
WARNING:root:[WinError 2] The system cannot find the file specified: 'C:/Users/Junyi\\AppData\\Local\\Temporary Internet Files\\vedatamodel.edb'
WARNING:root:[WinError 5] Access is denied: 'C:/Users/Junyi\\AppData\\Local\\Temp\\msdtadmin'
WARNING:root:[WinError 5] Access is denied: 'C:/Users/Junyi\\AppData\\Local\\Microsoft\\Windows\\UPPS\\UPPS.bin'
WARNING:root:[WinError 5] Access is denied: 'C:/Users/Junyi\\AppData\\Local\\Microsoft\\Windows\\Temporary Internet Files'
WARNING:root:[WinError 2] The system cannot find the file specified: 'C:/Users/Junyi\\AppData\\Local\\Microsoft\\Windows\\Temporary Internet Files\\UPPS.bin'
WARNING:root:[WinError 5] Access is denied: 'C:/Users/Junyi\\AppData\\Local\\Microsoft\\Windows\\INetCache\\Low\\Content.IE5'
WARNING:root:[WinError 2] The system cannot find the file specified: 'C:/Users/Junyi\\AppData\\Local\\Microsoft\\Windows\\INetCache\\Low\\Content.IE5\\container.dat'
WARNING:root:[WinError 5] Access is denied: 'C:/Users/Junyi\\AppData\\Local\\Microsoft\\Windows\\INetCache\\Content.IE5'
WARNING:root:[WinError 5] Access is denied: 'C:/Users/Junyi\\AppData\\Local\\History'
WARNING:root:[WinError 2] The system cannot find the file specified: 'C:/Users/Junyi\\AppData\\Local\\History\\ietabhelper.exe'
WARNING:root:[WinError 5] Access is denied: 'C:/Users/Junyi\\AppData\\Local\\ElevatedDiagnostics'
WARNING:root:[WinError 2] The system cannot find the file specified: 'C:/Users/Junyi\\AppData\\Local\\ElevatedDiagnostics\\Calibri-14-400-0.ytf'
WARNING:root:[WinError 2] The system cannot find the file specified: 'C:/Users/Junyi\\AppData\\Local\\ElevatedDiagnostics\\Calibri-36-700-0.ytf'
WARNING:root:[WinError 2] The system cannot find the file specified: 'C:/Users/Junyi\\AppData\\Local\\ElevatedDiagnostics\\flux.psd'
WARNING:root:[WinError 2] The system cannot find the file specified: 'C:/Users/Junyi\\AppData\\Local\\ElevatedDiagnostics\\flux.tre'
WARNING:root:[WinError 5] Access is denied: 'C:/Users/Junyi\\AppData\\Local\\Application Data'
DEBUG:root:'charmap' codec can't encode characters in position 6-12: character maps to <undefined>
DEBUG:root:'charmap' codec can't encode characters in position 6-13: character maps to <undefined>
DEBUG:root:'charmap' codec can't encode characters in position 9-12: character maps to <undefined>
DEBUG:root:'charmap' codec can't encode characters in position 6-10: character maps to <undefined>
DEBUG:root:'charmap' codec can't encode characters in position 6-12: character maps to <undefined>
DEBUG:root:'charmap' codec can't encode characters in position 9-10: character maps to <undefined>
DEBUG:root:'charmap' codec can't encode characters in position 9-10: character maps to <undefined>
DEBUG:root:'charmap' codec can't encode characters in position 12-16: character maps to <undefined>
DEBUG:root:'charmap' codec can't encode characters in position 12-15: character maps to <undefined>
DEBUG:root:'charmap' codec can't encode characters in position 12-15: character maps to <undefined>
DEBUG:root:'charmap' codec can't encode characters in position 12-15: character maps to <undefined>
DEBUG:root:'charmap' codec can't encode characters in position 20-26: character maps to <undefined>
DEBUG:root:'charmap' codec can't encode character '\u5728' in position 24: character maps to <undefined>
DEBUG:root:'charmap' codec can't encode characters in position 27-29: character maps to <undefined>
DEBUG:root:'charmap' codec can't encode characters in position 15-17: character maps to <undefined>
DEBUG:root:'charmap' codec can't encode characters in position 12-16: character maps to <undefined>
